2023-06-08 01:00:51,319 [INFO] MainUpdater:2854 - connection check result : 10
2023-06-08 01:00:51,331 [INFO] MainUpdater:2854 - connection check result : 10
2023-06-08 01:00:51,446 [INFO] MicroXplorer:468 - Change Database Path : 
2023-06-08 01:00:51,446 [INFO] MicroXplorer:498 - Change Database Version : DB.6.0.80
2023-06-08 01:00:51,477 [WARN] ThirdParty:871 - waiting for thirdparty lock release [close project]
2023-06-08 01:00:51,477 [INFO] ThirdParty:873 - entering critical section [close project]
2023-06-08 01:00:51,478 [INFO] ThirdParty:883 - exiting critical section [close project]
2023-06-08 01:00:51,479 [INFO] PinOutPanel:1499 - setPackage(No Configuration,No Configuration)
2023-06-08 01:00:51,501 [WARN] IpParametersView:150 - Warning: This peripheral hasn't parameters
2023-06-08 01:00:51,512 [WARN] MainPanel:257 - <html><b><center>Warning: This peripheral has no parameters to be configured<br></b></html>
2023-06-08 01:00:51,525 [INFO] UtilMem:75 - Begin LoadConfig() Used Memory: 637903104 Bytes (814743552)
2023-06-08 01:00:51,525 [INFO] MicroXplorer:468 - Change Database Path : 
2023-06-08 01:00:51,525 [INFO] MicroXplorer:498 - Change Database Version : DB.6.0.80
2023-06-08 01:00:51,525 [INFO] OpenFileManager:308 - Change cursor
2023-06-08 01:00:51,556 [INFO] Mcu:1937 - Initializing MCU STM32F401C(B-C)Ux STM32F401CCUx STM32F401CCU6
2023-06-08 01:01:20,834 [INFO] Context:659 - Trying to add GPIOservice into a context  which must be forbidden
2023-06-08 01:01:21,358 [INFO] RtosManager:555 - Registered RTOS mode: class=CMSIS, group=RTOS, mode=CMSIS_V1, owner=FREERTOS
2023-06-08 01:01:21,358 [INFO] RtosManager:555 - Registered RTOS mode: class=CMSIS, group=RTOS2, mode=CMSIS_V2, owner=FREERTOS
2023-06-08 01:01:21,358 [INFO] RtosManager:555 - Registered RTOS mode: class=RTOS, group=Core, mode=CMSIS_V1, owner=FREERTOS
2023-06-08 01:01:21,358 [INFO] RtosManager:555 - Registered RTOS mode: class=RTOS, group=Core, mode=CMSIS_V2, owner=FREERTOS
2023-06-08 01:01:21,358 [WARN] ModelIntegratedComponent:184 - Missing modes for component STMicroelectronics:FreeRTOS:0.0.1:STMicroelectronics:RTOS:FreeRTOS:Core:::10.2.0:
2023-06-08 01:01:21,363 [WARN] ModelIntegratedComponent:182 - Modes not found for component STMicroelectronics:USB_HOST:1.0.0:STMicroelectronics:USB::USB Host:Audio HS::1.0:USB_HOST_1_0_RESTRICTED_HS
2023-06-08 01:01:21,363 [WARN] ModelIntegratedComponent:188 - Modes not found for component STMicroelectronics:USB_HOST:1.0.0:STMicroelectronics:USB::USB Host:Audio HS::1.0:USB_HOST_1_0_RESTRICTED_HS
2023-06-08 01:01:21,363 [WARN] ModelIntegratedComponent:182 - Modes not found for component STMicroelectronics:USB_HOST:1.0.0:STMicroelectronics:USB::USB Host:CDC HS::1.0:USB_HOST_1_0_RESTRICTED_HS
2023-06-08 01:01:21,363 [WARN] ModelIntegratedComponent:188 - Modes not found for component STMicroelectronics:USB_HOST:1.0.0:STMicroelectronics:USB::USB Host:CDC HS::1.0:USB_HOST_1_0_RESTRICTED_HS
2023-06-08 01:01:21,363 [WARN] ModelIntegratedComponent:182 - Modes not found for component STMicroelectronics:USB_HOST:1.0.0:STMicroelectronics:USB::USB Host:MSC HS::1.0:USB_HOST_1_0_RESTRICTED_HS
2023-06-08 01:01:21,363 [WARN] ModelIntegratedComponent:188 - Modes not found for component STMicroelectronics:USB_HOST:1.0.0:STMicroelectronics:USB::USB Host:MSC HS::1.0:USB_HOST_1_0_RESTRICTED_HS
2023-06-08 01:01:21,363 [WARN] ModelIntegratedComponent:182 - Modes not found for component STMicroelectronics:USB_HOST:1.0.0:STMicroelectronics:USB::USB Host:HID HS::1.0:USB_HOST_1_0_RESTRICTED_HS
2023-06-08 01:01:21,363 [WARN] ModelIntegratedComponent:188 - Modes not found for component STMicroelectronics:USB_HOST:1.0.0:STMicroelectronics:USB::USB Host:HID HS::1.0:USB_HOST_1_0_RESTRICTED_HS
2023-06-08 01:01:21,363 [WARN] ModelIntegratedComponent:182 - Modes not found for component STMicroelectronics:USB_HOST:1.0.0:STMicroelectronics:USB::USB Host:MTP HS::1.0:USB_HOST_1_0_RESTRICTED_HS
2023-06-08 01:01:21,363 [WARN] ModelIntegratedComponent:188 - Modes not found for component STMicroelectronics:USB_HOST:1.0.0:STMicroelectronics:USB::USB Host:MTP HS::1.0:USB_HOST_1_0_RESTRICTED_HS
2023-06-08 01:01:21,370 [WARN] ModelIntegratedComponent:63 - No mode defined for component null
2023-06-08 01:01:21,370 [WARN] ModelIntegratedComponent:63 - No mode defined for component null
2023-06-08 01:01:21,370 [WARN] ModelIntegratedComponent:63 - No mode defined for component null
2023-06-08 01:01:21,370 [WARN] ModelIntegratedComponent:63 - No mode defined for component null
2023-06-08 01:01:21,370 [WARN] ModelIntegratedComponent:63 - No mode defined for component null
2023-06-08 01:01:21,370 [WARN] ModelIntegratedComponent:63 - No mode defined for component null
2023-06-08 01:01:21,370 [WARN] ModelIntegratedComponent:63 - No mode defined for component null
2023-06-08 01:01:21,370 [WARN] ModelIntegratedComponent:63 - No mode defined for component null
2023-06-08 01:01:21,370 [WARN] ModelIntegratedComponent:63 - No mode defined for component null
2023-06-08 01:01:21,370 [WARN] ModelIntegratedComponent:63 - No mode defined for component null
2023-06-08 01:01:21,371 [WARN] ModelIntegratedComponent:63 - No mode defined for component null
2023-06-08 01:01:21,371 [WARN] ModelIntegratedComponent:63 - No mode defined for component null
2023-06-08 01:01:21,371 [WARN] ModelIntegratedComponent:63 - No mode defined for component null
2023-06-08 01:01:21,371 [WARN] ModelIntegratedComponent:63 - No mode defined for component null
2023-06-08 01:01:21,371 [WARN] ModelIntegratedComponent:63 - No mode defined for component null
2023-06-08 01:01:21,371 [WARN] ModelIntegratedComponent:63 - No mode defined for component null
2023-06-08 01:01:21,371 [WARN] ModelIntegratedComponent:63 - No mode defined for component null
2023-06-08 01:01:21,371 [WARN] ModelIntegratedComponent:63 - No mode defined for component null
2023-06-08 01:01:21,371 [WARN] ModelIntegratedComponent:63 - No mode defined for component null
2023-06-08 01:01:21,371 [WARN] ModelIntegratedComponent:63 - No mode defined for component null
2023-06-08 01:01:21,371 [WARN] ModelIntegratedComponent:63 - No mode defined for component null
2023-06-08 01:01:21,371 [WARN] ModelIntegratedComponent:63 - No mode defined for component null
2023-06-08 01:01:21,371 [WARN] ModelIntegratedComponent:63 - No mode defined for component null
2023-06-08 01:01:21,371 [WARN] ModelIntegratedComponent:63 - No mode defined for component null
2023-06-08 01:01:21,371 [WARN] ModelIntegratedComponent:63 - No mode defined for component null
2023-06-08 01:01:21,371 [WARN] ModelIntegratedComponent:63 - No mode defined for component null
2023-06-08 01:01:21,371 [WARN] ModelIntegratedComponent:63 - No mode defined for component null
2023-06-08 01:01:21,372 [WARN] ModelIntegratedComponent:63 - No mode defined for component null
2023-06-08 01:01:21,372 [WARN] ModelIntegratedComponent:63 - No mode defined for component null
2023-06-08 01:01:21,372 [WARN] ModelIntegratedComponent:63 - No mode defined for component null
2023-06-08 01:01:21,372 [WARN] ModelIntegratedComponent:63 - No mode defined for component null
2023-06-08 01:01:21,372 [WARN] ModelIntegratedComponent:63 - No mode defined for component null
2023-06-08 01:01:21,372 [WARN] ModelIntegratedComponent:63 - No mode defined for component null
2023-06-08 01:01:21,451 [WARN] ModelIntegratedComponent:182 - Modes not found for component STMicroelectronics:USB_DEVICE:1.0.0:STMicroelectronics:USB::USB Device:Audio HS::1.0:USB_DEVICE_1_0_RESTRICTED_HS
2023-06-08 01:01:21,451 [WARN] ModelIntegratedComponent:188 - Modes not found for component STMicroelectronics:USB_DEVICE:1.0.0:STMicroelectronics:USB::USB Device:Audio HS::1.0:USB_DEVICE_1_0_RESTRICTED_HS
2023-06-08 01:01:21,451 [WARN] ModelIntegratedComponent:182 - Modes not found for component STMicroelectronics:USB_DEVICE:1.0.0:STMicroelectronics:USB::USB Device:CDC HS::1.0:USB_DEVICE_1_0_RESTRICTED_HS
2023-06-08 01:01:21,451 [WARN] ModelIntegratedComponent:188 - Modes not found for component STMicroelectronics:USB_DEVICE:1.0.0:STMicroelectronics:USB::USB Device:CDC HS::1.0:USB_DEVICE_1_0_RESTRICTED_HS
2023-06-08 01:01:21,451 [WARN] ModelIntegratedComponent:182 - Modes not found for component STMicroelectronics:USB_DEVICE:1.0.0:STMicroelectronics:USB::USB Device:DFU HS::1.0:USB_DEVICE_1_0_RESTRICTED_HS
2023-06-08 01:01:21,451 [WARN] ModelIntegratedComponent:188 - Modes not found for component STMicroelectronics:USB_DEVICE:1.0.0:STMicroelectronics:USB::USB Device:DFU HS::1.0:USB_DEVICE_1_0_RESTRICTED_HS
2023-06-08 01:01:21,452 [WARN] ModelIntegratedComponent:182 - Modes not found for component STMicroelectronics:USB_DEVICE:1.0.0:STMicroelectronics:USB::USB Device:HID HS::1.0:USB_DEVICE_1_0_RESTRICTED_HS
2023-06-08 01:01:21,452 [WARN] ModelIntegratedComponent:188 - Modes not found for component STMicroelectronics:USB_DEVICE:1.0.0:STMicroelectronics:USB::USB Device:HID HS::1.0:USB_DEVICE_1_0_RESTRICTED_HS
2023-06-08 01:01:21,452 [WARN] ModelIntegratedComponent:182 - Modes not found for component STMicroelectronics:USB_DEVICE:1.0.0:STMicroelectronics:USB::USB Device:Custom HID HS::1.0:USB_DEVICE_1_0_RESTRICTED_HS
2023-06-08 01:01:21,452 [WARN] ModelIntegratedComponent:188 - Modes not found for component STMicroelectronics:USB_DEVICE:1.0.0:STMicroelectronics:USB::USB Device:Custom HID HS::1.0:USB_DEVICE_1_0_RESTRICTED_HS
2023-06-08 01:01:21,452 [WARN] ModelIntegratedComponent:182 - Modes not found for component STMicroelectronics:USB_DEVICE:1.0.0:STMicroelectronics:USB::USB Device:MSC HS::1.0:USB_DEVICE_1_0_RESTRICTED_HS
2023-06-08 01:01:21,452 [WARN] ModelIntegratedComponent:188 - Modes not found for component STMicroelectronics:USB_DEVICE:1.0.0:STMicroelectronics:USB::USB Device:MSC HS::1.0:USB_DEVICE_1_0_RESTRICTED_HS
2023-06-08 01:01:21,458 [INFO] ThirdPartyModel:298 - Start build external matchings
2023-06-08 01:01:21,988 [INFO] ThirdPartyModel:316 - End build external matchings
2023-06-08 01:01:22,001 [INFO] ImportTextPane:194 - (OptionalMessage_ERROR) IP (RCC) : Parameter (RTCHSEDivFreq_Value) has invalid value (12500000)
2023-06-08 01:01:32,653 [INFO] UtilMem:75 - End LoadConfig() Used Memory: 431353544 Bytes (814743552)
2023-06-08 01:01:32,825 [WARN] ThirdParty:833 - waiting for thirdparty lock release [change project]
2023-06-08 01:01:32,825 [INFO] ThirdParty:835 - entering critical section [change project]
2023-06-08 01:01:32,825 [INFO] ThirdParty:1030 - CMSIS Pack Vendor :STMicroelectronics X-CUBE-ISPU 1.1.0
2023-06-08 01:01:32,825 [INFO] ThirdParty:1030 - CMSIS Pack Vendor :STMicroelectronics X-CUBE-GNSS1 6.0.0
2023-06-08 01:01:32,825 [INFO] ThirdParty:1030 - CMSIS Pack Vendor :STMicroelectronics USB_HOST 2.0.0
2023-06-08 01:01:32,825 [INFO] ThirdParty:1030 - CMSIS Pack Vendor :STMicroelectronics X-CUBE-AZRTOS-F4 1.1.0
2023-06-08 01:01:32,825 [INFO] ThirdParty:1030 - CMSIS Pack Vendor :STMicroelectronics LIBJPEG 8.0.0
2023-06-08 01:01:32,825 [INFO] ThirdParty:1030 - CMSIS Pack Vendor :STMicroelectronics X-CUBE-SMBUS 2.1.0
2023-06-08 01:01:32,825 [INFO] ThirdParty:1030 - CMSIS Pack Vendor :wolfSSL I-CUBE-wolfSSL 5.6.0
2023-06-08 01:01:32,825 [INFO] ThirdParty:1030 - CMSIS Pack Vendor :STMicroelectronics USB_DEVICE 3.0.0
2023-06-08 01:01:32,826 [INFO] ThirdParty:1030 - CMSIS Pack Vendor :STMicroelectronics X-CUBE-AI 8.0.0
2023-06-08 01:01:32,826 [INFO] ThirdParty:1030 - CMSIS Pack Vendor :STMicroelectronics X-CUBE-FREERTOS 1.0.1
2023-06-08 01:01:32,826 [INFO] ThirdParty:1030 - CMSIS Pack Vendor :STMicroelectronics X-CUBE-TOUCHGFX 4.21.3
2023-06-08 01:01:32,826 [INFO] ThirdParty:1030 - CMSIS Pack Vendor :STMicroelectronics X-CUBE-AZRTOS-F7 1.1.0
2023-06-08 01:01:32,826 [INFO] ThirdParty:1030 - CMSIS Pack Vendor :STMicroelectronics X-CUBE-TOUCHGFX 4.21.4
2023-06-08 01:01:32,826 [INFO] ThirdParty:1030 - CMSIS Pack Vendor :STMicroelectronics USB_DEVICE 2.0.0
2023-06-08 01:01:32,826 [INFO] ThirdParty:1030 - CMSIS Pack Vendor :STMicroelectronics X-CUBE-MEMS1 9.6.0
2023-06-08 01:01:32,826 [INFO] ThirdParty:1030 - CMSIS Pack Vendor :STMicroelectronics FP-SNS-MOTENV1 4.3.1
2023-06-08 01:01:32,826 [INFO] ThirdParty:1030 - CMSIS Pack Vendor :STMicroelectronics FP-SNS-FLIGHT1 5.0.1
2023-06-08 01:01:32,826 [INFO] ThirdParty:1030 - CMSIS Pack Vendor :STMicroelectronics X-CUBE-ALGOBUILD 1.3.0
2023-06-08 01:01:32,826 [INFO] ThirdParty:1030 - CMSIS Pack Vendor :STMicroelectronics X-CUBE-BLE1 6.2.4
2023-06-08 01:01:32,826 [INFO] ThirdParty:1030 - CMSIS Pack Vendor :STMicroelectronics X-CUBE-AZRTOS-L5 1.1.0
2023-06-08 01:01:32,826 [INFO] ThirdParty:1030 - CMSIS Pack Vendor :STMicroelectronics FreeRTOS 0.0.1
2023-06-08 01:01:32,826 [INFO] ThirdParty:1030 - CMSIS Pack Vendor :STMicroelectronics X-CUBE-AZRTOS-G0 1.1.0
2023-06-08 01:01:32,826 [INFO] ThirdParty:1030 - CMSIS Pack Vendor :emotas I-CUBE-CANOPEN 1.1.3
2023-06-08 01:01:32,826 [INFO] ThirdParty:1030 - CMSIS Pack Vendor :STMicroelectronics X-CUBE-BLEMGR 2.0.0
2023-06-08 01:01:32,826 [INFO] ThirdParty:1030 - CMSIS Pack Vendor :STMicroelectronics X-CUBE-AI 8.0.1
2023-06-08 01:01:32,826 [INFO] ThirdParty:1030 - CMSIS Pack Vendor :STMicroelectronics X-CUBE-NFC4 3.0.0
2023-06-08 01:01:32,826 [INFO] ThirdParty:1030 - CMSIS Pack Vendor :STMicroelectronics X-CUBE-SUBG2 5.0.0
2023-06-08 01:01:32,826 [INFO] ThirdParty:1030 - CMSIS Pack Vendor :STMicroelectronics STM32_WPAN 1.0.0
2023-06-08 01:01:32,826 [INFO] ThirdParty:1030 - CMSIS Pack Vendor :STMicroelectronics lwIP 2.0.3
2023-06-08 01:01:32,826 [INFO] ThirdParty:1030 - CMSIS Pack Vendor :STMicroelectronics USB_HOST 1.0.0
2023-06-08 01:01:32,826 [INFO] ThirdParty:1030 - CMSIS Pack Vendor :STMicroelectronics X-CUBE-AZRTOS-G4 2.0.0
2023-06-08 01:01:32,826 [INFO] ThirdParty:1030 - CMSIS Pack Vendor :STMicroelectronics PDM2PCM 3.1.0
2023-06-08 01:01:32,826 [INFO] ThirdParty:1030 - CMSIS Pack Vendor :STMicroelectronics X-CUBE-AZRTOS-H7 3.1.0
2023-06-08 01:01:32,826 [INFO] ThirdParty:1030 - CMSIS Pack Vendor :STMicroelectronics X-CUBE-TOF1 3.3.0
2023-06-08 01:01:32,826 [INFO] ThirdParty:1030 - CMSIS Pack Vendor :STMicroelectronics PDM2PCM 3.3.0
2023-06-08 01:01:32,826 [INFO] ThirdParty:1030 - CMSIS Pack Vendor :STMicroelectronics X-CUBE-DISPLAY 3.0.0
2023-06-08 01:01:32,827 [INFO] ThirdParty:1030 - CMSIS Pack Vendor :STMicroelectronics FP-ATR-SIGFOX1 3.2.0
2023-06-08 01:01:32,827 [INFO] ThirdParty:1030 - CMSIS Pack Vendor :STMicroelectronics X-CUBE-AZRTOS-G4 1.0.0
2023-06-08 01:01:32,827 [INFO] ThirdParty:1030 - CMSIS Pack Vendor :STMicroelectronics X-CUBE-AZRTOS-L4 1.0.0
2023-06-08 01:01:32,827 [INFO] ThirdParty:1030 - CMSIS Pack Vendor :STMicroelectronics HAL Drivers 0.0.0
2023-06-08 01:01:32,827 [INFO] ThirdParty:1030 - CMSIS Pack Vendor :STMicroelectronics MBEDTLS 2.16.2
2023-06-08 01:01:32,827 [INFO] ThirdParty:1030 - CMSIS Pack Vendor :STMicroelectronics MBEDTLS 2.14.1
2023-06-08 01:01:32,827 [INFO] ThirdParty:1030 - CMSIS Pack Vendor :STMicroelectronics X-CUBE-NFC7 1.0.0
2023-06-08 01:01:32,827 [INFO] ThirdParty:1030 - CMSIS Pack Vendor :STMicroelectronics X-CUBE-AZRTOS-WL 1.0.0
2023-06-08 01:01:32,827 [INFO] ThirdParty:1030 - CMSIS Pack Vendor :STMicroelectronics X-CUBE-EEPRMA1 4.1.0
2023-06-08 01:01:32,827 [INFO] ThirdParty:1030 - CMSIS Pack Vendor :portGmbH I-Cube-SoM-uGOAL 1.1.0
2023-06-08 01:01:32,827 [INFO] ThirdParty:1030 - CMSIS Pack Vendor :STMicroelectronics X-CUBE-ALS 1.0.1
2023-06-08 01:01:32,827 [INFO] ThirdParty:1030 - CMSIS Pack Vendor :STMicroelectronics X-CUBE-MEMS1 9.5.0
2023-06-08 01:01:32,827 [INFO] ThirdParty:1030 - CMSIS Pack Vendor :STMicroelectronics ThreadX 1.0.0
2023-06-08 01:01:32,827 [INFO] ThirdParty:1030 - CMSIS Pack Vendor :STMicroelectronics X-CUBE-AZRTOS-WB 1.1.0
2023-06-08 01:01:32,827 [INFO] ThirdParty:1030 - CMSIS Pack Vendor :STMicroelectronics X-CUBE-AZRTOS-WL 2.0.0
2023-06-08 01:01:32,827 [INFO] ThirdParty:1030 - CMSIS Pack Vendor :SEGGER I-CUBE-embOS 1.3.1
2023-06-08 01:01:32,827 [INFO] ThirdParty:1030 - CMSIS Pack Vendor :STMicroelectronics USB_DEVICE 1.0.0
2023-06-08 01:01:32,827 [INFO] ThirdParty:1030 - CMSIS Pack Vendor :STMicroelectronics X-CUBE-AZRTOS-L4 2.0.0
2023-06-08 01:01:32,827 [INFO] ThirdParty:1030 - CMSIS Pack Vendor :STMicroelectronics ThreadX 0.0.2
2023-06-08 01:01:32,827 [INFO] ThirdParty:1030 - CMSIS Pack Vendor :WES I-CUBE-Cesium 1.3.0
2023-06-08 01:01:32,827 [INFO] ThirdParty:1030 - CMSIS Pack Vendor :STMicroelectronics FP-ATR-ASTRA1 2.0.0
2023-06-08 01:01:32,827 [INFO] ThirdParty:1030 - CMSIS Pack Vendor :STMicroelectronics lwIP 2.1.2
2023-06-08 01:01:32,828 [INFO] ThirdParty:1030 - CMSIS Pack Vendor :STMicroelectronics X-CUBE-SFXS2LP1 4.0.0
2023-06-08 01:01:32,828 [INFO] ThirdParty:1030 - CMSIS Pack Vendor :STMicroelectronics X-CUBE-BLE2 3.3.0
2023-06-08 01:01:32,828 [INFO] ThirdParty:1030 - CMSIS Pack Vendor :STMicroelectronics PDM2PCM 3.2.0
2023-06-08 01:01:32,828 [INFO] ThirdParty:841 - exiting critical section [change project]
2023-06-08 01:01:32,984 [INFO] PinOutPanel:1499 - setPackage(No Configuration,No Configuration)
2023-06-08 01:01:32,987 [INFO] PinOutPanel:1499 - setPackage(STM32F401CCUx,UFQFPN48)
2023-06-08 01:01:33,252 [INFO] UtilMem:75 - Before build in PCC Used Memory: 439575496 Bytes (814743552)
2023-06-08 01:01:33,606 [INFO] UtilMem:75 - After build in PCC Used Memory: 484622848 Bytes (814743552)
2023-06-08 01:01:33,639 [INFO] IPUIPlugin:80 - create IPUIPlugin
2023-06-08 01:01:33,640 [INFO] IPUIPlugin:80 - create IPUIPlugin
2023-06-08 01:01:33,640 [INFO] IPUIPlugin:80 - create IPUIPlugin
2023-06-08 01:01:33,640 [INFO] IPUIPlugin:80 - create IPUIPlugin
2023-06-08 01:01:33,640 [INFO] IPUIPlugin:80 - create IPUIPlugin
2023-06-08 01:01:33,641 [INFO] IPUIPlugin:80 - create IPUIPlugin
2023-06-08 01:01:33,641 [INFO] IPUIPlugin:80 - create IPUIPlugin
2023-06-08 01:01:33,641 [INFO] IPUIPlugin:80 - create IPUIPlugin
2023-06-08 01:01:33,641 [INFO] IPUIPlugin:80 - create IPUIPlugin
2023-06-08 01:01:33,641 [INFO] IPUIPlugin:80 - create IPUIPlugin
2023-06-08 01:01:33,641 [INFO] IPUIPlugin:80 - create IPUIPlugin
2023-06-08 01:01:33,642 [INFO] IPUIPlugin:80 - create IPUIPlugin
2023-06-08 01:01:33,642 [INFO] IPUIPlugin:80 - create IPUIPlugin
2023-06-08 01:01:33,642 [INFO] IPUIPlugin:80 - create IPUIPlugin
2023-06-08 01:01:33,643 [INFO] IPUIPlugin:80 - create IPUIPlugin
2023-06-08 01:01:33,643 [INFO] IPUIPlugin:80 - create IPUIPlugin
2023-06-08 01:01:33,643 [INFO] IPUIPlugin:80 - create IPUIPlugin
2023-06-08 01:01:33,643 [INFO] IPUIPlugin:80 - create IPUIPlugin
2023-06-08 01:01:33,644 [INFO] IPUIPlugin:80 - create IPUIPlugin
2023-06-08 01:01:33,644 [INFO] IPUIPlugin:80 - create IPUIPlugin
2023-06-08 01:01:33,644 [INFO] IPUIPlugin:80 - create IPUIPlugin
2023-06-08 01:01:33,645 [INFO] IPUIPlugin:80 - create IPUIPlugin
2023-06-08 01:01:33,645 [INFO] IPUIPlugin:80 - create IPUIPlugin
2023-06-08 01:01:33,645 [INFO] IPUIPlugin:80 - create IPUIPlugin
2023-06-08 01:01:33,646 [INFO] IPUIPlugin:80 - create IPUIPlugin
2023-06-08 01:01:33,646 [INFO] IPUIPlugin:80 - create IPUIPlugin
2023-06-08 01:01:33,646 [INFO] IPUIPlugin:80 - create IPUIPlugin
2023-06-08 01:01:33,647 [INFO] IPUIPlugin:80 - create IPUIPlugin
2023-06-08 01:01:33,647 [INFO] IPUIPlugin:80 - create IPUIPlugin
2023-06-08 01:01:33,647 [INFO] IPUIPlugin:80 - create IPUIPlugin
2023-06-08 01:01:33,648 [INFO] IPUIPlugin:80 - create IPUIPlugin
2023-06-08 01:01:33,648 [INFO] IPUIPlugin:80 - create IPUIPlugin
2023-06-08 01:01:33,649 [INFO] IPUIPlugin:80 - create IPUIPlugin
2023-06-08 01:01:33,649 [INFO] IPUIPlugin:80 - create IPUIPlugin
2023-06-08 01:01:33,651 [INFO] IPUIPlugin:80 - create IPUIPlugin
2023-06-08 01:01:33,651 [INFO] IPUIPlugin:80 - create IPUIPlugin
2023-06-08 01:01:33,652 [INFO] IPUIPlugin:80 - create IPUIPlugin
2023-06-08 01:01:33,658 [INFO] ApiDbMcu:507 - Load IP Config File for PDM2PCM
2023-06-08 01:01:33,687 [INFO] CADModel:165 - CPN selected for project levelSTM32F401CCU6
2023-06-08 01:01:33,687 [INFO] CADModel:114 - Register for checkConnection events
2023-06-08 01:01:33,732 [INFO] OpenFileManager:328 - Restore cursor
2023-06-08 01:03:34,425 [INFO] Gpio:273 - dependency for GPIO [RCC, SYS]
2023-06-08 01:04:15,736 [INFO] Gpio:273 - dependency for GPIO [RCC]
2023-06-08 01:12:50,330 [INFO] Gpio:273 - dependency for GPIO [RCC]
2023-06-08 01:15:37,580 [INFO] UtilMem:75 - End SaveConfig() Used Memory: 724401088 Bytes (814743552)
2023-06-08 01:15:37,695 [INFO] UtilMem:75 - End SaveConfig() Used Memory: 489453848 Bytes (814743552)
2023-06-08 01:15:38,051 [INFO] UtilMem:75 - End SaveConfig() Used Memory: 505704728 Bytes (814743552)
2023-06-08 01:15:38,934 [INFO] BlockDiagram:2759 - set Specific Code input for plugin: NVIC
2023-06-08 01:15:38,934 [INFO] BlockDiagram:2759 - set Specific Code input for plugin: GPIO
2023-06-08 01:15:38,934 [INFO] BlockDiagram:2759 - set Specific Code input for plugin: RCC
2023-06-08 01:15:38,936 [INFO] CodeGenerator:793 - code generatio: config db path: C:\ST\STM32CubeIDE_1.12.0\STM32CubeIDE\plugins\com.st.stm32cube.common.mx_6.8.0.202302231600\\db\
2023-06-08 01:15:39,562 [INFO] CodeEngine:255 - oldGeneratedFile, C:\Main\Repositories\STM\Hello World\MXTmpFiles\license.tmp_save
2023-06-08 01:15:40,340 [INFO] CodeEngine:279 - Generated code: C:\Main\Repositories\STM\Hello World\MXTmpFiles\license.tmp
2023-06-08 01:15:40,414 [INFO] CodeEngine:255 - oldGeneratedFile, C:\Main\Repositories\STM\Hello World\MXTmpFiles\gpio.tmp_save
2023-06-08 01:15:40,665 [INFO] CodeEngine:279 - Generated code: C:\Main\Repositories\STM\Hello World\MXTmpFiles\gpio.tmp
2023-06-08 01:15:40,682 [INFO] CodeEngine:255 - oldGeneratedFile, C:\Main\Repositories\STM\Hello World\Core\Src\stm32f4xx_it.c_save
2023-06-08 01:15:40,914 [INFO] CodeEngine:279 - Generated code: C:\Main\Repositories\STM\Hello World\Core\Src\stm32f4xx_it.c
2023-06-08 01:15:40,925 [INFO] CodeEngine:255 - oldGeneratedFile, C:\Main\Repositories\STM\Hello World\Core\Inc\stm32f4xx_it.h_save
2023-06-08 01:15:41,077 [INFO] CodeEngine:279 - Generated code: C:\Main\Repositories\STM\Hello World\Core\Inc\stm32f4xx_it.h
2023-06-08 01:15:41,122 [INFO] CodeEngine:255 - oldGeneratedFile, C:\Main\Repositories\STM\Hello World\Core\Src\stm32f4xx_hal_msp.c_save
2023-06-08 01:15:41,331 [INFO] CodeEngine:279 - Generated code: C:\Main\Repositories\STM\Hello World\Core\Src\stm32f4xx_hal_msp.c
2023-06-08 01:15:41,338 [INFO] CodeEngine:255 - oldGeneratedFile, C:\Main\Repositories\STM\Hello World\MXTmpFiles\system.tmp_save
2023-06-08 01:15:41,469 [INFO] CodeEngine:279 - Generated code: C:\Main\Repositories\STM\Hello World\MXTmpFiles\system.tmp
2023-06-08 01:15:41,483 [INFO] CodeEngine:311 - oldGeneratedFile, C:\Main\Repositories\STM\Hello World\Core\Inc\stm32f4xx_hal_conf.h_save
2023-06-08 01:15:41,721 [INFO] CodeEngine:335 - Generated code: C:\Main\Repositories\STM\Hello World\Core\Inc\stm32f4xx_hal_conf.h
2023-06-08 01:15:41,797 [INFO] CodeEngine:255 - oldGeneratedFile, C:\Main\Repositories\STM\Hello World\Core\Inc\main.h_save
2023-06-08 01:15:41,938 [INFO] CodeEngine:279 - Generated code: C:\Main\Repositories\STM\Hello World\Core\Inc\main.h
2023-06-08 01:15:41,951 [INFO] CodeEngine:255 - oldGeneratedFile, C:\Main\Repositories\STM\Hello World\Core\Src\main.c_save
2023-06-08 01:15:42,157 [INFO] CodeEngine:279 - Generated code: C:\Main\Repositories\STM\Hello World\Core\Src\main.c
2023-06-08 01:15:43,768 [INFO] ProjectBuilder:2996 - Time for Copy HAL[1] : 403mS.
2023-06-08 01:15:43,808 [INFO] ProjectBuilder:4304 - Project Generator version: 3.19.2
2023-06-08 01:15:44,577 [INFO] ConfigFileManager:1483 - The Die is : DIE423
2023-06-08 01:15:44,607 [INFO] ApiDbMcu:507 - Load IP Config File for FATFS
2023-06-08 01:15:44,667 [INFO] ApiDbMcu:507 - Load IP Config File for FREERTOS
2023-06-08 01:15:44,667 [INFO] ApiDbMcu:507 - Load IP Config File for LIBJPEG
2023-06-08 01:15:44,757 [INFO] ApiDbMcu:507 - Load IP Config File for MBEDTLS
2023-06-08 01:15:45,187 [INFO] ApiDbMcu:507 - Load IP Config File for USB_DEVICE
2023-06-08 01:15:45,207 [INFO] ApiDbMcu:507 - Load IP Config File for USB_HOST
